(env) barriers$ tb compile
Setting top to                           : /home/butrfeld/rtems-6-sparc-gr740-smp-4/src/rtems
Setting out to                           : /home/butrfeld/rtems-6-sparc-gr740-smp-4/src/rtems/build
Regenerate build specification cache (needs a couple of seconds)...
Configure board support package (BSP)    : sparc/gr740
Checking for program 'sparc-rtems6-gcc'  : /home/butrfeld/quick-start/rtems/6/bin/sparc-rtems6-gcc
Checking for program 'sparc-rtems6-g++'  : /home/butrfeld/quick-start/rtems/6/bin/sparc-rtems6-g++
Checking for program 'sparc-rtems6-ar'   : /home/butrfeld/quick-start/rtems/6/bin/sparc-rtems6-ar
Checking for program 'sparc-rtems6-ld'   : /home/butrfeld/quick-start/rtems/6/bin/sparc-rtems6-ld
Checking for program 'ar'                : /home/butrfeld/quick-start/rtems/6/bin/sparc-rtems6-ar
Checking for program 'g++, c++'          : /home/butrfeld/quick-start/rtems/6/bin/sparc-rtems6-g++
Checking for program 'ar'                : /home/butrfeld/quick-start/rtems/6/bin/sparc-rtems6-ar
Checking for program 'gas, gcc'          : /home/butrfeld/quick-start/rtems/6/bin/sparc-rtems6-gcc
Checking for program 'ar'                : /home/butrfeld/quick-start/rtems/6/bin/sparc-rtems6-ar
Checking for program 'gcc, cc'           : /home/butrfeld/quick-start/rtems/6/bin/sparc-rtems6-gcc
Checking for program 'ar'                : /home/butrfeld/quick-start/rtems/6/bin/sparc-rtems6-ar
Checking for asm flags '-MMD'            : yes
Checking for c flags '-MMD'              : yes
Checking for cxx flags '-MMD'            : yes
Checking for program 'rtems-bin2c'       : /home/butrfeld/quick-start/rtems/6/bin/rtems-bin2c
Checking for program 'gzip'              : /usr/bin/gzip
Checking for program 'xz'                : /usr/bin/xz
Checking for program 'rtems-ld'          : /home/butrfeld/quick-start/rtems/6/bin/rtems-ld
Checking for program 'rtems-syms'        : /home/butrfeld/quick-start/rtems/6/bin/rtems-syms
Checking for program 'rtems-bin2c'       : /home/butrfeld/quick-start/rtems/6/bin/rtems-bin2c
Checking for program 'gzip'              : /usr/bin/gzip
Checking for program 'xz'                : /usr/bin/xz
'configure' finished successfully (3.874s)
Waf: Entering directory `/home/butrfeld/rtems-6-sparc-gr740-smp-4/src/rtems/build'
Waf: Leaving directory `/home/butrfeld/rtems-6-sparc-gr740-smp-4/src/rtems/build'
'build' finished successfully (0.050s)
Waf: Entering directory `/home/butrfeld/rtems-6-sparc-gr740-smp-4/src/rtems/build/sparc/gr740'
[4543/4810] Linking build/sparc/gr740/testsuites/validation/ts-model-0.exe
/home/butrfeld/quick-start/rtems/6/lib/gcc/sparc-rtems6/10.3.1/../../../../sparc-rtems6/bin/ld: testsuites/validation/tr-msg-mgr-model.c.1596.o: in function `checkTaskIs':
/home/butrfeld/rtems-6-sparc-gr740-smp-4/src/rtems/build/sparc/gr740/../../../testsuites/validation/tr-msg-mgr-model.c:127: multiple definition of `checkTaskIs'; testsuites/validation/tr-barrier-mgr-model.c.1596.o:/home/butrfeld/rtems-6-sparc-gr740-smp-4/src/rtems/build/sparc/gr740/../../../testsuites/validation/tr-barrier-mgr-model.c:162: first defined here
/home/butrfeld/quick-start/rtems/6/lib/gcc/sparc-rtems6/10.3.1/../../../../sparc-rtems6/bin/ld: testsuites/validation/tr-msg-mgr-model.c.1596.o: in function `initialise_semaphore':
/home/butrfeld/rtems-6-sparc-gr740-smp-4/src/rtems/build/sparc/gr740/../../../testsuites/validation/tr-msg-mgr-model.c:142: multiple definition of `initialise_semaphore'; testsuites/validation/tr-barrier-mgr-model.c.1596.o:/home/butrfeld/rtems-6-sparc-gr740-smp-4/src/rtems/build/sparc/gr740/../../../testsuites/validation/tr-barrier-mgr-model.c:167: first defined here
/home/butrfeld/quick-start/rtems/6/lib/gcc/sparc-rtems6/10.3.1/../../../../sparc-rtems6/bin/ld: ./libvalidation.a(tx-support.c.1567.o): in function `DoCreateTask':
/home/butrfeld/rtems-6-sparc-gr740-smp-4/src/rtems/build/sparc/gr740/../../../testsuites/validation/tx-support.c:54: multiple definition of `DoCreateTask'; testsuites/validation/tr-barrier-mgr-model.c.1596.o:/home/butrfeld/rtems-6-sparc-gr740-smp-4/src/rtems/build/sparc/gr740/../../../testsuites/validation/tr-barrier-mgr-model.c:113: first defined here
/home/butrfeld/quick-start/rtems/6/lib/gcc/sparc-rtems6/10.3.1/../../../../sparc-rtems6/bin/ld: ./libvalidation.a(tx-support.c.1567.o): in function `StartTask':
/home/butrfeld/rtems-6-sparc-gr740-smp-4/src/rtems/build/sparc/gr740/../../../testsuites/validation/tx-support.c:72: multiple definition of `StartTask'; testsuites/validation/tr-barrier-mgr-model.c.1596.o:/home/butrfeld/rtems-6-sparc-gr740-smp-4/src/rtems/build/sparc/gr740/../../../testsuites/validation/tr-barrier-mgr-model.c:131: first defined here
/home/butrfeld/quick-start/rtems/6/lib/gcc/sparc-rtems6/10.3.1/../../../../sparc-rtems6/bin/ld: ./libvalidation.a(tx-support.c.1567.o): in function `DeleteTask':
/home/butrfeld/rtems-6-sparc-gr740-smp-4/src/rtems/build/sparc/gr740/../../../testsuites/validation/tx-support.c:80: multiple definition of `DeleteTask'; testsuites/validation/tr-barrier-mgr-model.c.1596.o:/home/butrfeld/rtems-6-sparc-gr740-smp-4/src/rtems/build/sparc/gr740/../../../testsuites/validation/tr-barrier-mgr-model.c:139: first defined here
/home/butrfeld/quick-start/rtems/6/lib/gcc/sparc-rtems6/10.3.1/../../../../sparc-rtems6/bin/ld: ./libvalidation.a(tx-support.c.1567.o): in function `SetPriority':
/home/butrfeld/rtems-6-sparc-gr740-smp-4/src/rtems/build/sparc/gr740/../../../testsuites/validation/tx-support.c:236: multiple definition of `SetPriority'; testsuites/validation/tr-barrier-mgr-model.c.1596.o:/home/butrfeld/rtems-6-sparc-gr740-smp-4/src/rtems/build/sparc/gr740/../../../testsuites/validation/tr-barrier-mgr-model.c:97: first defined here
/home/butrfeld/quick-start/rtems/6/lib/gcc/sparc-rtems6/10.3.1/../../../../sparc-rtems6/bin/ld: ./libvalidation.a(tx-support.c.1567.o): in function `SetSelfPriority':
/home/butrfeld/rtems-6-sparc-gr740-smp-4/src/rtems/build/sparc/gr740/../../../testsuites/validation/tx-support.c:253: multiple definition of `SetSelfPriority'; testsuites/validation/tr-barrier-mgr-model.c.1596.o:/home/butrfeld/rtems-6-sparc-gr740-smp-4/src/rtems/build/sparc/gr740/../../../testsuites/validation/tr-barrier-mgr-model.c:108: first defined here
collect2: error: ld returned 1 exit status

Waf: Leaving directory `/home/butrfeld/rtems-6-sparc-gr740-smp-4/src/rtems/build/sparc/gr740'
Build failed
 -> task in 'testsuites/validation/ts-model-0.exe' failed with exit status 1 (run with -v to display more information)
